g:\opengl\end\end\debug\vc120.pdb
g:\opengl\end\end\debug\vc120.idb
g:\opengl\end\end\debug\ball_object.obj
g:\opengl\end\end\debug\game.obj
g:\opengl\end\end\debug\game_level.obj
g:\opengl\end\end\debug\game_object.obj
g:\opengl\end\end\debug\particle_generator.obj
g:\opengl\end\end\debug\post_processor.obj
g:\opengl\end\end\debug\resourcemanager.obj
g:\opengl\end\end\debug\shader.obj
g:\opengl\end\end\debug\source.obj
g:\opengl\end\end\debug\spriterenderer.obj
g:\opengl\end\end\debug\texture.obj
g:\opengl\end\debug\end.ilk
g:\opengl\end\debug\end.exe
g:\opengl\end\debug\end.pdb
g:\opengl\end\end\debug\end.tlog\cl.command.1.tlog
g:\opengl\end\end\debug\end.tlog\cl.read.1.tlog
g:\opengl\end\end\debug\end.tlog\cl.write.1.tlog
g:\opengl\end\end\debug\end.tlog\link.command.1.tlog
g:\opengl\end\end\debug\end.tlog\link.read.1.tlog
g:\opengl\end\end\debug\end.tlog\link.write.1.tlog
